<?xml version="1.0" encoding="UTF-8"?>
<testsuites>
  <testsuite name="/home/notificationsforsteven/congruencey-tests/phpunit.xml" tests="117" assertions="123" errors="0" failures="0" skipped="0" time="0.057530">
    <testsuite name="congruency" tests="117" assertions="123" errors="0" failures="0" skipped="0" time="0.057530">
      <testsuite name="AttackBaselineTest" file="/home/notificationsforsteven/congruencey-tests/tests/AttackBaselineTest.php" tests="1" assertions="4" errors="0" failures="0" skipped="0" time="0.003677">
        <testcase name="testLatestAttackVerdictsMatchBaseline" file="/home/notificationsforsteven/congruencey-tests/tests/AttackBaselineTest.php" line="19" class="AttackBaselineTest" classname="AttackBaselineTest" assertions="4" time="0.003677"/>
      </testsuite>
      <testsuite name="ConfigFormFixTest" file="/home/notificationsforsteven/congruencey-tests/tests/ConfigFormFixTest.php" tests="4" assertions="5" errors="0" failures="0" skipped="0" time="0.006828">
        <testcase name="testObtainPriceRejectsNonNumeric" file="/home/notificationsforsteven/congruencey-tests/tests/ConfigFormFixTest.php" line="7" class="ConfigFormFixTest" classname="ConfigFormFixTest" assertions="1" time="0.000589"/>
        <testcase name="testObtainPriceAcceptsRealDecimal" file="/home/notificationsforsteven/congruencey-tests/tests/ConfigFormFixTest.php" line="13" class="ConfigFormFixTest" classname="ConfigFormFixTest" assertions="1" time="0.000225"/>
        <testcase name="testObtainDescriptionIsNonGreedy" file="/home/notificationsforsteven/congruencey-tests/tests/ConfigFormFixTest.php" line="18" class="ConfigFormFixTest" classname="ConfigFormFixTest" assertions="2" time="0.003361"/>
        <testcase name="testInitFormArrayReturnsNullWhenIveMissing" file="/home/notificationsforsteven/congruencey-tests/tests/ConfigFormFixTest.php" line="25" class="ConfigFormFixTest" classname="ConfigFormFixTest" assertions="1" time="0.002654"/>
      </testsuite>
      <testsuite name="FormsFixTest" file="/home/notificationsforsteven/congruencey-tests/tests/FormsFixTest.php" tests="4" assertions="6" errors="0" failures="0" skipped="0" time="0.006252">
        <testcase name="testRadioParserUsesExplodeNotRemovedSplit" file="/home/notificationsforsteven/congruencey-tests/tests/FormsFixTest.php" line="7" class="FormsFixTest" classname="FormsFixTest" assertions="1" time="0.004523"/>
        <testcase name="testValidateElementStringAcceptsValidString" file="/home/notificationsforsteven/congruencey-tests/tests/FormsFixTest.php" line="14" class="FormsFixTest" classname="FormsFixTest" assertions="1" time="0.000423"/>
        <testcase name="testIsRequiredAndGetRequiredAreRealGetters" file="/home/notificationsforsteven/congruencey-tests/tests/FormsFixTest.php" line="19" class="FormsFixTest" classname="FormsFixTest" assertions="2" time="0.000348"/>
        <testcase name="testFormDbConstantsDefinedAndDaoConstructs" file="/home/notificationsforsteven/congruencey-tests/tests/FormsFixTest.php" line="27" class="FormsFixTest" classname="FormsFixTest" assertions="2" time="0.000958"/>
      </testsuite>
      <testsuite name="SortIteratorTest" file="/home/notificationsforsteven/congruencey-tests/tests/SortIteratorTest.php" tests="99" assertions="99" errors="0" failures="0" skipped="0" time="0.028744">
        <testsuite name="SortIteratorTest::testSorts" tests="99" assertions="99" errors="0" failures="0" skipped="0" time="0.028744">
          <testcase name="testSorts with data set &quot;n1-rot0&quot;" file="/home/notificationsforsteven/congruencey-tests/tests/SortIteratorTest.php" line="34" class="SortIteratorTest" classname="SortIteratorTest" assertions="1" time="0.000511"/>
          <testcase name="testSorts with data set &quot;n1-rot0-rev&quot;" file="/home/notificationsforsteven/congruencey-tests/tests/SortIteratorTest.php" line="34" class="SortIteratorTest" classname="SortIteratorTest" assertions="1" time="0.001672"/>
          <testcase name="testSorts with data set &quot;n1-zig&quot;" file="/home/notificationsforsteven/congruencey-tests/tests/SortIteratorTest.php" line="34" class="SortIteratorTest" classname="SortIteratorTest" assertions="1" time="0.000480"/>
          <testcase name="testSorts with data set &quot;n2-rot0&quot;" file="/home/notificationsforsteven/congruencey-tests/tests/SortIteratorTest.php" line="34" class="SortIteratorTest" classname="SortIteratorTest" assertions="1" time="0.000233"/>
          <testcase name="testSorts with data set &quot;n2-rot0-rev&quot;" file="/home/notificationsforsteven/congruencey-tests/tests/SortIteratorTest.php" line="34" class="SortIteratorTest" classname="SortIteratorTest" assertions="1" time="0.000239"/>
          <testcase name="testSorts with data set &quot;n2-rot1&quot;" file="/home/notificationsforsteven/congruencey-tests/tests/SortIteratorTest.php" line="34" class="SortIteratorTest" classname="SortIteratorTest" assertions="1" time="0.000149"/>
          <testcase name="testSorts with data set &quot;n2-rot1-rev&quot;" file="/home/notificationsforsteven/congruencey-tests/tests/SortIteratorTest.php" line="34" class="SortIteratorTest" classname="SortIteratorTest" assertions="1" time="0.000143"/>
          <testcase name="testSorts with data set &quot;n2-zig&quot;" file="/home/notificationsforsteven/congruencey-tests/tests/SortIteratorTest.php" line="34" class="SortIteratorTest" classname="SortIteratorTest" assertions="1" time="0.000150"/>
          <testcase name="testSorts with data set &quot;n3-rot0&quot;" file="/home/notificationsforsteven/congruencey-tests/tests/SortIteratorTest.php" line="34" class="SortIteratorTest" classname="SortIteratorTest" assertions="1" time="0.000164"/>
          <testcase name="testSorts with data set &quot;n3-rot0-rev&quot;" file="/home/notificationsforsteven/congruencey-tests/tests/SortIteratorTest.php" line="34" class="SortIteratorTest" classname="SortIteratorTest" assertions="1" time="0.000168"/>
          <testcase name="testSorts with data set &quot;n3-rot1&quot;" file="/home/notificationsforsteven/congruencey-tests/tests/SortIteratorTest.php" line="34" class="SortIteratorTest" classname="SortIteratorTest" assertions="1" time="0.000147"/>
          <testcase name="testSorts with data set &quot;n3-rot1-rev&quot;" file="/home/notificationsforsteven/congruencey-tests/tests/SortIteratorTest.php" line="34" class="SortIteratorTest" classname="SortIteratorTest" assertions="1" time="0.000466"/>
          <testcase name="testSorts with data set &quot;n3-rot2&quot;" file="/home/notificationsforsteven/congruencey-tests/tests/SortIteratorTest.php" line="34" class="SortIteratorTest" classname="SortIteratorTest" assertions="1" time="0.000180"/>
          <testcase name="testSorts with data set &quot;n3-rot2-rev&quot;" file="/home/notificationsforsteven/congruencey-tests/tests/SortIteratorTest.php" line="34" class="SortIteratorTest" classname="SortIteratorTest" assertions="1" time="0.000236"/>
          <testcase name="testSorts with data set &quot;n3-zig&quot;" file="/home/notificationsforsteven/congruencey-tests/tests/SortIteratorTest.php" line="34" class="SortIteratorTest" classname="SortIteratorTest" assertions="1" time="0.000162"/>
          <testcase name="testSorts with data set &quot;n4-rot0&quot;" file="/home/notificationsforsteven/congruencey-tests/tests/SortIteratorTest.php" line="34" class="SortIteratorTest" classname="SortIteratorTest" assertions="1" time="0.000237"/>
          <testcase name="testSorts with data set &quot;n4-rot0-rev&quot;" file="/home/notificationsforsteven/congruencey-tests/tests/SortIteratorTest.php" line="34" class="SortIteratorTest" classname="SortIteratorTest" assertions="1" time="0.000165"/>
          <testcase name="testSorts with data set &quot;n4-rot1&quot;" file="/home/notificationsforsteven/congruencey-tests/tests/SortIteratorTest.php" line="34" class="SortIteratorTest" classname="SortIteratorTest" assertions="1" time="0.000163"/>
          <testcase name="testSorts with data set &quot;n4-rot1-rev&quot;" file="/home/notificationsforsteven/congruencey-tests/tests/SortIteratorTest.php" line="34" class="SortIteratorTest" classname="SortIteratorTest" assertions="1" time="0.000167"/>
          <testcase name="testSorts with data set &quot;n4-rot2&quot;" file="/home/notificationsforsteven/congruencey-tests/tests/SortIteratorTest.php" line="34" class="SortIteratorTest" classname="SortIteratorTest" assertions="1" time="0.000170"/>
          <testcase name="testSorts with data set &quot;n4-rot2-rev&quot;" file="/home/notificationsforsteven/congruencey-tests/tests/SortIteratorTest.php" line="34" class="SortIteratorTest" classname="SortIteratorTest" assertions="1" time="0.000146"/>
          <testcase name="testSorts with data set &quot;n4-rot3&quot;" file="/home/notificationsforsteven/congruencey-tests/tests/SortIteratorTest.php" line="34" class="SortIteratorTest" classname="SortIteratorTest" assertions="1" time="0.000145"/>
          <testcase name="testSorts with data set &quot;n4-rot3-rev&quot;" file="/home/notificationsforsteven/congruencey-tests/tests/SortIteratorTest.php" line="34" class="SortIteratorTest" classname="SortIteratorTest" assertions="1" time="0.000152"/>
          <testcase name="testSorts with data set &quot;n4-zig&quot;" file="/home/notificationsforsteven/congruencey-tests/tests/SortIteratorTest.php" line="34" class="SortIteratorTest" classname="SortIteratorTest" assertions="1" time="0.000190"/>
          <testcase name="testSorts with data set &quot;n5-rot0&quot;" file="/home/notificationsforsteven/congruencey-tests/tests/SortIteratorTest.php" line="34" class="SortIteratorTest" classname="SortIteratorTest" assertions="1" time="0.000147"/>
          <testcase name="testSorts with data set &quot;n5-rot0-rev&quot;" file="/home/notificationsforsteven/congruencey-tests/tests/SortIteratorTest.php" line="34" class="SortIteratorTest" classname="SortIteratorTest" assertions="1" time="0.000146"/>
          <testcase name="testSorts with data set &quot;n5-rot1&quot;" file="/home/notificationsforsteven/congruencey-tests/tests/SortIteratorTest.php" line="34" class="SortIteratorTest" classname="SortIteratorTest" assertions="1" time="0.000144"/>
          <testcase name="testSorts with data set &quot;n5-rot1-rev&quot;" file="/home/notificationsforsteven/congruencey-tests/tests/SortIteratorTest.php" line="34" class="SortIteratorTest" classname="SortIteratorTest" assertions="1" time="0.000396"/>
          <testcase name="testSorts with data set &quot;n5-rot2&quot;" file="/home/notificationsforsteven/congruencey-tests/tests/SortIteratorTest.php" line="34" class="SortIteratorTest" classname="SortIteratorTest" assertions="1" time="0.000160"/>
          <testcase name="testSorts with data set &quot;n5-rot2-rev&quot;" file="/home/notificationsforsteven/congruencey-tests/tests/SortIteratorTest.php" line="34" class="SortIteratorTest" classname="SortIteratorTest" assertions="1" time="0.000149"/>
          <testcase name="testSorts with data set &quot;n5-rot3&quot;" file="/home/notificationsforsteven/congruencey-tests/tests/SortIteratorTest.php" line="34" class="SortIteratorTest" classname="SortIteratorTest" assertions="1" time="0.000416"/>
          <testcase name="testSorts with data set &quot;n5-rot3-rev&quot;" file="/home/notificationsforsteven/congruencey-tests/tests/SortIteratorTest.php" line="34" class="SortIteratorTest" classname="SortIteratorTest" assertions="1" time="0.000167"/>
          <testcase name="testSorts with data set &quot;n5-rot4&quot;" file="/home/notificationsforsteven/congruencey-tests/tests/SortIteratorTest.php" line="34" class="SortIteratorTest" classname="SortIteratorTest" assertions="1" time="0.000158"/>
          <testcase name="testSorts with data set &quot;n5-rot4-rev&quot;" file="/home/notificationsforsteven/congruencey-tests/tests/SortIteratorTest.php" line="34" class="SortIteratorTest" classname="SortIteratorTest" assertions="1" time="0.000205"/>
          <testcase name="testSorts with data set &quot;n5-zig&quot;" file="/home/notificationsforsteven/congruencey-tests/tests/SortIteratorTest.php" line="34" class="SortIteratorTest" classname="SortIteratorTest" assertions="1" time="0.000163"/>
          <testcase name="testSorts with data set &quot;n6-rot0&quot;" file="/home/notificationsforsteven/congruencey-tests/tests/SortIteratorTest.php" line="34" class="SortIteratorTest" classname="SortIteratorTest" assertions="1" time="0.000167"/>
          <testcase name="testSorts with data set &quot;n6-rot0-rev&quot;" file="/home/notificationsforsteven/congruencey-tests/tests/SortIteratorTest.php" line="34" class="SortIteratorTest" classname="SortIteratorTest" assertions="1" time="0.000174"/>
          <testcase name="testSorts with data set &quot;n6-rot1&quot;" file="/home/notificationsforsteven/congruencey-tests/tests/SortIteratorTest.php" line="34" class="SortIteratorTest" classname="SortIteratorTest" assertions="1" time="0.000159"/>
          <testcase name="testSorts with data set &quot;n6-rot1-rev&quot;" file="/home/notificationsforsteven/congruencey-tests/tests/SortIteratorTest.php" line="34" class="SortIteratorTest" classname="SortIteratorTest" assertions="1" time="0.000282"/>
          <testcase name="testSorts with data set &quot;n6-rot2&quot;" file="/home/notificationsforsteven/congruencey-tests/tests/SortIteratorTest.php" line="34" class="SortIteratorTest" classname="SortIteratorTest" assertions="1" time="0.001584"/>
          <testcase name="testSorts with data set &quot;n6-rot2-rev&quot;" file="/home/notificationsforsteven/congruencey-tests/tests/SortIteratorTest.php" line="34" class="SortIteratorTest" classname="SortIteratorTest" assertions="1" time="0.002691"/>
          <testcase name="testSorts with data set &quot;n6-rot3&quot;" file="/home/notificationsforsteven/congruencey-tests/tests/SortIteratorTest.php" line="34" class="SortIteratorTest" classname="SortIteratorTest" assertions="1" time="0.000267"/>
          <testcase name="testSorts with data set &quot;n6-rot3-rev&quot;" file="/home/notificationsforsteven/congruencey-tests/tests/SortIteratorTest.php" line="34" class="SortIteratorTest" classname="SortIteratorTest" assertions="1" time="0.000216"/>
          <testcase name="testSorts with data set &quot;n6-rot4&quot;" file="/home/notificationsforsteven/congruencey-tests/tests/SortIteratorTest.php" line="34" class="SortIteratorTest" classname="SortIteratorTest" assertions="1" time="0.000190"/>
          <testcase name="testSorts with data set &quot;n6-rot4-rev&quot;" file="/home/notificationsforsteven/congruencey-tests/tests/SortIteratorTest.php" line="34" class="SortIteratorTest" classname="SortIteratorTest" assertions="1" time="0.000201"/>
          <testcase name="testSorts with data set &quot;n6-rot5&quot;" file="/home/notificationsforsteven/congruencey-tests/tests/SortIteratorTest.php" line="34" class="SortIteratorTest" classname="SortIteratorTest" assertions="1" time="0.000162"/>
          <testcase name="testSorts with data set &quot;n6-rot5-rev&quot;" file="/home/notificationsforsteven/congruencey-tests/tests/SortIteratorTest.php" line="34" class="SortIteratorTest" classname="SortIteratorTest" assertions="1" time="0.000163"/>
          <testcase name="testSorts with data set &quot;n6-zig&quot;" file="/home/notificationsforsteven/congruencey-tests/tests/SortIteratorTest.php" line="34" class="SortIteratorTest" classname="SortIteratorTest" assertions="1" time="0.000154"/>
          <testcase name="testSorts with data set &quot;n7-rot0&quot;" file="/home/notificationsforsteven/congruencey-tests/tests/SortIteratorTest.php" line="34" class="SortIteratorTest" classname="SortIteratorTest" assertions="1" time="0.000371"/>
          <testcase name="testSorts with data set &quot;n7-rot0-rev&quot;" file="/home/notificationsforsteven/congruencey-tests/tests/SortIteratorTest.php" line="34" class="SortIteratorTest" classname="SortIteratorTest" assertions="1" time="0.000298"/>
          <testcase name="testSorts with data set &quot;n7-rot1&quot;" file="/home/notificationsforsteven/congruencey-tests/tests/SortIteratorTest.php" line="34" class="SortIteratorTest" classname="SortIteratorTest" assertions="1" time="0.000250"/>
          <testcase name="testSorts with data set &quot;n7-rot1-rev&quot;" file="/home/notificationsforsteven/congruencey-tests/tests/SortIteratorTest.php" line="34" class="SortIteratorTest" classname="SortIteratorTest" assertions="1" time="0.000181"/>
          <testcase name="testSorts with data set &quot;n7-rot2&quot;" file="/home/notificationsforsteven/congruencey-tests/tests/SortIteratorTest.php" line="34" class="SortIteratorTest" classname="SortIteratorTest" assertions="1" time="0.000179"/>
          <testcase name="testSorts with data set &quot;n7-rot2-rev&quot;" file="/home/notificationsforsteven/congruencey-tests/tests/SortIteratorTest.php" line="34" class="SortIteratorTest" classname="SortIteratorTest" assertions="1" time="0.000288"/>
          <testcase name="testSorts with data set &quot;n7-rot3&quot;" file="/home/notificationsforsteven/congruencey-tests/tests/SortIteratorTest.php" line="34" class="SortIteratorTest" classname="SortIteratorTest" assertions="1" time="0.000225"/>
          <testcase name="testSorts with data set &quot;n7-rot3-rev&quot;" file="/home/notificationsforsteven/congruencey-tests/tests/SortIteratorTest.php" line="34" class="SortIteratorTest" classname="SortIteratorTest" assertions="1" time="0.000191"/>
          <testcase name="testSorts with data set &quot;n7-rot4&quot;" file="/home/notificationsforsteven/congruencey-tests/tests/SortIteratorTest.php" line="34" class="SortIteratorTest" classname="SortIteratorTest" assertions="1" time="0.000169"/>
          <testcase name="testSorts with data set &quot;n7-rot4-rev&quot;" file="/home/notificationsforsteven/congruencey-tests/tests/SortIteratorTest.php" line="34" class="SortIteratorTest" classname="SortIteratorTest" assertions="1" time="0.000164"/>
          <testcase name="testSorts with data set &quot;n7-rot5&quot;" file="/home/notificationsforsteven/congruencey-tests/tests/SortIteratorTest.php" line="34" class="SortIteratorTest" classname="SortIteratorTest" assertions="1" time="0.000295"/>
          <testcase name="testSorts with data set &quot;n7-rot5-rev&quot;" file="/home/notificationsforsteven/congruencey-tests/tests/SortIteratorTest.php" line="34" class="SortIteratorTest" classname="SortIteratorTest" assertions="1" time="0.000174"/>
          <testcase name="testSorts with data set &quot;n7-rot6&quot;" file="/home/notificationsforsteven/congruencey-tests/tests/SortIteratorTest.php" line="34" class="SortIteratorTest" classname="SortIteratorTest" assertions="1" time="0.000166"/>
          <testcase name="testSorts with data set &quot;n7-rot6-rev&quot;" file="/home/notificationsforsteven/congruencey-tests/tests/SortIteratorTest.php" line="34" class="SortIteratorTest" classname="SortIteratorTest" assertions="1" time="0.000171"/>
          <testcase name="testSorts with data set &quot;n7-zig&quot;" file="/home/notificationsforsteven/congruencey-tests/tests/SortIteratorTest.php" line="34" class="SortIteratorTest" classname="SortIteratorTest" assertions="1" time="0.000204"/>
          <testcase name="testSorts with data set &quot;n8-rot0&quot;" file="/home/notificationsforsteven/congruencey-tests/tests/SortIteratorTest.php" line="34" class="SortIteratorTest" classname="SortIteratorTest" assertions="1" time="0.000267"/>
          <testcase name="testSorts with data set &quot;n8-rot0-rev&quot;" file="/home/notificationsforsteven/congruencey-tests/tests/SortIteratorTest.php" line="34" class="SortIteratorTest" classname="SortIteratorTest" assertions="1" time="0.000208"/>
          <testcase name="testSorts with data set &quot;n8-rot1&quot;" file="/home/notificationsforsteven/congruencey-tests/tests/SortIteratorTest.php" line="34" class="SortIteratorTest" classname="SortIteratorTest" assertions="1" time="0.000178"/>
          <testcase name="testSorts with data set &quot;n8-rot1-rev&quot;" file="/home/notificationsforsteven/congruencey-tests/tests/SortIteratorTest.php" line="34" class="SortIteratorTest" classname="SortIteratorTest" assertions="1" time="0.000268"/>
          <testcase name="testSorts with data set &quot;n8-rot2&quot;" file="/home/notificationsforsteven/congruencey-tests/tests/SortIteratorTest.php" line="34" class="SortIteratorTest" classname="SortIteratorTest" assertions="1" time="0.000193"/>
          <testcase name="testSorts with data set &quot;n8-rot2-rev&quot;" file="/home/notificationsforsteven/congruencey-tests/tests/SortIteratorTest.php" line="34" class="SortIteratorTest" classname="SortIteratorTest" assertions="1" time="0.000178"/>
          <testcase name="testSorts with data set &quot;n8-rot3&quot;" file="/home/notificationsforsteven/congruencey-tests/tests/SortIteratorTest.php" line="34" class="SortIteratorTest" classname="SortIteratorTest" assertions="1" time="0.000179"/>
          <testcase name="testSorts with data set &quot;n8-rot3-rev&quot;" file="/home/notificationsforsteven/congruencey-tests/tests/SortIteratorTest.php" line="34" class="SortIteratorTest" classname="SortIteratorTest" assertions="1" time="0.000163"/>
          <testcase name="testSorts with data set &quot;n8-rot4&quot;" file="/home/notificationsforsteven/congruencey-tests/tests/SortIteratorTest.php" line="34" class="SortIteratorTest" classname="SortIteratorTest" assertions="1" time="0.000201"/>
          <testcase name="testSorts with data set &quot;n8-rot4-rev&quot;" file="/home/notificationsforsteven/congruencey-tests/tests/SortIteratorTest.php" line="34" class="SortIteratorTest" classname="SortIteratorTest" assertions="1" time="0.000162"/>
          <testcase name="testSorts with data set &quot;n8-rot5&quot;" file="/home/notificationsforsteven/congruencey-tests/tests/SortIteratorTest.php" line="34" class="SortIteratorTest" classname="SortIteratorTest" assertions="1" time="0.000168"/>
          <testcase name="testSorts with data set &quot;n8-rot5-rev&quot;" file="/home/notificationsforsteven/congruencey-tests/tests/SortIteratorTest.php" line="34" class="SortIteratorTest" classname="SortIteratorTest" assertions="1" time="0.000174"/>
          <testcase name="testSorts with data set &quot;n8-rot6&quot;" file="/home/notificationsforsteven/congruencey-tests/tests/SortIteratorTest.php" line="34" class="SortIteratorTest" classname="SortIteratorTest" assertions="1" time="0.000256"/>
          <testcase name="testSorts with data set &quot;n8-rot6-rev&quot;" file="/home/notificationsforsteven/congruencey-tests/tests/SortIteratorTest.php" line="34" class="SortIteratorTest" classname="SortIteratorTest" assertions="1" time="0.001344"/>
          <testcase name="testSorts with data set &quot;n8-rot7&quot;" file="/home/notificationsforsteven/congruencey-tests/tests/SortIteratorTest.php" line="34" class="SortIteratorTest" classname="SortIteratorTest" assertions="1" time="0.000323"/>
          <testcase name="testSorts with data set &quot;n8-rot7-rev&quot;" file="/home/notificationsforsteven/congruencey-tests/tests/SortIteratorTest.php" line="34" class="SortIteratorTest" classname="SortIteratorTest" assertions="1" time="0.000258"/>
          <testcase name="testSorts with data set &quot;n8-zig&quot;" file="/home/notificationsforsteven/congruencey-tests/tests/SortIteratorTest.php" line="34" class="SortIteratorTest" classname="SortIteratorTest" assertions="1" time="0.000273"/>
          <testcase name="testSorts with data set &quot;n9-rot0&quot;" file="/home/notificationsforsteven/congruencey-tests/tests/SortIteratorTest.php" line="34" class="SortIteratorTest" classname="SortIteratorTest" assertions="1" time="0.001410"/>
          <testcase name="testSorts with data set &quot;n9-rot0-rev&quot;" file="/home/notificationsforsteven/congruencey-tests/tests/SortIteratorTest.php" line="34" class="SortIteratorTest" classname="SortIteratorTest" assertions="1" time="0.000523"/>
          <testcase name="testSorts with data set &quot;n9-rot1&quot;" file="/home/notificationsforsteven/congruencey-tests/tests/SortIteratorTest.php" line="34" class="SortIteratorTest" classname="SortIteratorTest" assertions="1" time="0.000310"/>
          <testcase name="testSorts with data set &quot;n9-rot1-rev&quot;" file="/home/notificationsforsteven/congruencey-tests/tests/SortIteratorTest.php" line="34" class="SortIteratorTest" classname="SortIteratorTest" assertions="1" time="0.000268"/>
          <testcase name="testSorts with data set &quot;n9-rot2&quot;" file="/home/notificationsforsteven/congruencey-tests/tests/SortIteratorTest.php" line="34" class="SortIteratorTest" classname="SortIteratorTest" assertions="1" time="0.000294"/>
          <testcase name="testSorts with data set &quot;n9-rot2-rev&quot;" file="/home/notificationsforsteven/congruencey-tests/tests/SortIteratorTest.php" line="34" class="SortIteratorTest" classname="SortIteratorTest" assertions="1" time="0.000208"/>
          <testcase name="testSorts with data set &quot;n9-rot3&quot;" file="/home/notificationsforsteven/congruencey-tests/tests/SortIteratorTest.php" line="34" class="SortIteratorTest" classname="SortIteratorTest" assertions="1" time="0.000193"/>
          <testcase name="testSorts with data set &quot;n9-rot3-rev&quot;" file="/home/notificationsforsteven/congruencey-tests/tests/SortIteratorTest.php" line="34" class="SortIteratorTest" classname="SortIteratorTest" assertions="1" time="0.000167"/>
          <testcase name="testSorts with data set &quot;n9-rot4&quot;" file="/home/notificationsforsteven/congruencey-tests/tests/SortIteratorTest.php" line="34" class="SortIteratorTest" classname="SortIteratorTest" assertions="1" time="0.000183"/>
          <testcase name="testSorts with data set &quot;n9-rot4-rev&quot;" file="/home/notificationsforsteven/congruencey-tests/tests/SortIteratorTest.php" line="34" class="SortIteratorTest" classname="SortIteratorTest" assertions="1" time="0.000182"/>
          <testcase name="testSorts with data set &quot;n9-rot5&quot;" file="/home/notificationsforsteven/congruencey-tests/tests/SortIteratorTest.php" line="34" class="SortIteratorTest" classname="SortIteratorTest" assertions="1" time="0.000176"/>
          <testcase name="testSorts with data set &quot;n9-rot5-rev&quot;" file="/home/notificationsforsteven/congruencey-tests/tests/SortIteratorTest.php" line="34" class="SortIteratorTest" classname="SortIteratorTest" assertions="1" time="0.000164"/>
          <testcase name="testSorts with data set &quot;n9-rot6&quot;" file="/home/notificationsforsteven/congruencey-tests/tests/SortIteratorTest.php" line="34" class="SortIteratorTest" classname="SortIteratorTest" assertions="1" time="0.000181"/>
          <testcase name="testSorts with data set &quot;n9-rot6-rev&quot;" file="/home/notificationsforsteven/congruencey-tests/tests/SortIteratorTest.php" line="34" class="SortIteratorTest" classname="SortIteratorTest" assertions="1" time="0.000193"/>
          <testcase name="testSorts with data set &quot;n9-rot7&quot;" file="/home/notificationsforsteven/congruencey-tests/tests/SortIteratorTest.php" line="34" class="SortIteratorTest" classname="SortIteratorTest" assertions="1" time="0.000161"/>
          <testcase name="testSorts with data set &quot;n9-rot7-rev&quot;" file="/home/notificationsforsteven/congruencey-tests/tests/SortIteratorTest.php" line="34" class="SortIteratorTest" classname="SortIteratorTest" assertions="1" time="0.000155"/>
          <testcase name="testSorts with data set &quot;n9-rot8&quot;" file="/home/notificationsforsteven/congruencey-tests/tests/SortIteratorTest.php" line="34" class="SortIteratorTest" classname="SortIteratorTest" assertions="1" time="0.000154"/>
          <testcase name="testSorts with data set &quot;n9-rot8-rev&quot;" file="/home/notificationsforsteven/congruencey-tests/tests/SortIteratorTest.php" line="34" class="SortIteratorTest" classname="SortIteratorTest" assertions="1" time="0.000210"/>
          <testcase name="testSorts with data set &quot;n9-zig&quot;" file="/home/notificationsforsteven/congruencey-tests/tests/SortIteratorTest.php" line="34" class="SortIteratorTest" classname="SortIteratorTest" assertions="1" time="0.000199"/>
        </testsuite>
      </testsuite>
      <testsuite name="ValidatorTest" file="/home/notificationsforsteven/congruencey-tests/tests/ValidatorTest.php" tests="9" assertions="9" errors="0" failures="0" skipped="0" time="0.012029">
        <testsuite name="ValidatorTest::testValidatePageKey" tests="3" assertions="3" errors="0" failures="0" skipped="0" time="0.011191">
          <testcase name="testValidatePageKey with data set &quot;match &amp; equal&quot;" file="/home/notificationsforsteven/congruencey-tests/tests/ValidatorTest.php" line="23" class="ValidatorTest" classname="ValidatorTest" assertions="1" time="0.000260"/>
          <testcase name="testValidatePageKey with data set &quot;match but trailing&quot;" file="/home/notificationsforsteven/congruencey-tests/tests/ValidatorTest.php" line="23" class="ValidatorTest" classname="ValidatorTest" assertions="1" time="0.000137"/>
          <testcase name="testValidatePageKey with data set &quot;no letters (no match)&quot;" file="/home/notificationsforsteven/congruencey-tests/tests/ValidatorTest.php" line="23" class="ValidatorTest" classname="ValidatorTest" assertions="1" time="0.010795"/>
        </testsuite>
        <testsuite name="ValidatorTest::testValidateNumericKey" tests="3" assertions="3" errors="0" failures="0" skipped="0" time="0.000461">
          <testcase name="testValidateNumericKey with data set #0" file="/home/notificationsforsteven/congruencey-tests/tests/ValidatorTest.php" line="34" class="ValidatorTest" classname="ValidatorTest" assertions="1" time="0.000167"/>
          <testcase name="testValidateNumericKey with data set #1" file="/home/notificationsforsteven/congruencey-tests/tests/ValidatorTest.php" line="34" class="ValidatorTest" classname="ValidatorTest" assertions="1" time="0.000125"/>
          <testcase name="testValidateNumericKey with data set #2" file="/home/notificationsforsteven/congruencey-tests/tests/ValidatorTest.php" line="34" class="ValidatorTest" classname="ValidatorTest" assertions="1" time="0.000169"/>
        </testsuite>
        <testsuite name="ValidatorTest::testValidateFormKey" tests="2" assertions="2" errors="0" failures="0" skipped="0" time="0.000239">
          <testcase name="testValidateFormKey with data set #0" file="/home/notificationsforsteven/congruencey-tests/tests/ValidatorTest.php" line="45" class="ValidatorTest" classname="ValidatorTest" assertions="1" time="0.000125"/>
          <testcase name="testValidateFormKey with data set #1" file="/home/notificationsforsteven/congruencey-tests/tests/ValidatorTest.php" line="45" class="ValidatorTest" classname="ValidatorTest" assertions="1" time="0.000114"/>
        </testsuite>
        <testcase name="testValidateItemKeyDelegatesToNumeric" file="/home/notificationsforsteven/congruencey-tests/tests/ValidatorTest.php" line="50" class="ValidatorTest" classname="ValidatorTest" assertions="1" time="0.000137"/>
      </testsuite>
    </testsuite>
  </testsuite>
</testsuites>
